2024-09-10 15:28:41,525 - Health Checker - INFO - opened servers.csv file
2024-09-10 15:28:41,540 - Health Checker - INFO - created an output file
2024-09-10 15:28:42,147 - Health Checker - INFO - connected to theproductionserver1
2024-09-10 15:28:42,160 - Health Checker - INFO - checking the status of chronyd
2024-09-10 15:28:42,779 - Health Checker - INFO - written the status info into the output file
2024-09-10 15:28:43,171 - Health Checker - INFO - Got image of service status
2024-09-10 15:28:43,171 - Health Checker - INFO - Added image to the mail
2024-09-10 15:28:43,171 - Health Checker - INFO - checking the status of atd
2024-09-10 15:28:43,389 - Health Checker - INFO - written the status info into the output file
2024-09-10 15:28:43,512 - Health Checker - INFO - Got image of service status
2024-09-10 15:28:43,528 - Health Checker - INFO - Added image to the mail
2024-09-10 15:28:43,528 - Health Checker - INFO - Disconnected form productionserver1
2024-09-10 15:28:44,073 - Health Checker - INFO - connected to theproductionserver2
2024-09-10 15:28:44,078 - Health Checker - INFO - checking the status of chronyd
2024-09-10 15:28:44,665 - Health Checker - INFO - written the status info into the output file
2024-09-10 15:28:44,998 - Health Checker - INFO - Got image of service status
2024-09-10 15:28:44,998 - Health Checker - INFO - Added image to the mail
2024-09-10 15:28:44,998 - Health Checker - INFO - checking the status of cloud-init
2024-09-10 15:28:45,208 - Health Checker - INFO - written the status info into the output file
2024-09-10 15:28:45,516 - Health Checker - INFO - Got image of service status
2024-09-10 15:28:45,516 - Health Checker - INFO - Added image to the mail
2024-09-10 15:28:45,516 - Health Checker - INFO - Disconnected form productionserver2
2024-09-10 15:28:45,516 - Health Checker - INFO - closed the output file
2024-09-10 15:28:51,412 - Health Checker - INFO - Sent the email
2024-09-10 15:35:11,383 - Health Checker - INFO - opened servers.csv file
2024-09-10 15:35:11,399 - Health Checker - INFO - created an output file
2024-09-10 15:35:12,009 - Health Checker - INFO - connected to theproductionserver1
2024-09-10 15:35:12,009 - Health Checker - INFO - checking the status of chronyd
2024-09-10 15:35:12,824 - Health Checker - INFO - written the status info into the output file
2024-09-10 15:39:48,652 - Health Checker - INFO - opened servers.csv file
2024-09-10 15:39:48,652 - Health Checker - INFO - created an output file
2024-09-10 15:39:49,359 - Health Checker - INFO - connected to theproductionserver1
2024-09-10 15:39:49,359 - Health Checker - INFO - checking the status of chronyd
2024-09-10 15:39:50,081 - Health Checker - INFO - written the status info into the output file
2024-09-10 15:39:50,455 - Health Checker - INFO - Got image of service status
2024-09-10 15:39:50,455 - Health Checker - INFO - Added image to the mail
2024-09-10 15:39:50,455 - Health Checker - INFO - checking the status of atd
2024-09-10 15:39:50,674 - Health Checker - INFO - written the status info into the output file
2024-09-10 15:39:50,812 - Health Checker - INFO - Got image of service status
2024-09-10 15:39:50,812 - Health Checker - INFO - Added image to the mail
2024-09-10 15:39:50,812 - Health Checker - INFO - Disconnected form productionserver1
2024-09-10 15:39:51,431 - Health Checker - INFO - connected to theproductionserver2
2024-09-10 15:39:51,431 - Health Checker - INFO - checking the status of chronyd
2024-09-10 15:39:52,028 - Health Checker - INFO - written the status info into the output file
2024-09-10 15:39:52,367 - Health Checker - INFO - Got image of service status
2024-09-10 15:39:52,367 - Health Checker - INFO - Added image to the mail
2024-09-10 15:39:52,382 - Health Checker - INFO - checking the status of cloud-init
2024-09-10 15:39:52,590 - Health Checker - INFO - written the status info into the output file
2024-09-10 15:39:52,901 - Health Checker - INFO - Got image of service status
2024-09-10 15:39:52,901 - Health Checker - INFO - Added image to the mail
2024-09-10 15:39:52,901 - Health Checker - INFO - Disconnected form productionserver2
2024-09-10 15:39:52,901 - Health Checker - INFO - closed the output file
2024-09-10 15:39:59,325 - Health Checker - INFO - Sent the email
